2022-07-14T13:33:54.782Z - info: [ui] [AppStore] loading 0 repositories from store
2022-07-14T13:33:54.852Z - info: [ui] [Welcome] no sign in step found. ignoring...
2022-07-14T13:33:54.878Z - info: [ui] launching: 3.0.3-linux1 (Linux 5.18.10-arch1-1)
2022-07-14T13:33:54.881Z - info: [ui] execPath: '/opt/github-desktop/github-desktop'
2022-07-14T13:33:54.916Z - info: [ui] [Welcome] no sign in step found. ignoring...
2022-07-14T13:33:54.944Z - info: [ui] [Welcome] no sign in step found. ignoring...
2022-07-14T13:33:55.453Z - info: [ui] Opt in reported.
2022-07-14T13:33:58.543Z - info: [ui] [Welcome] advancing to step: SignInToDotComWithBrowser
2022-07-14T13:33:58.544Z - info: [ui] [SignInStore] initializing OAuth flow
2022-07-14T13:33:58.549Z - info: [main] opening in browser: https://github.com/login/oauth/authorize?client_id=3a723b10ac5575cc5bb9&scope=repo%20user%20workflow&state=bf30e453-9a8d-4990-bc31-911e69dc96ea
2022-07-14T13:33:58.550Z - info: [ui] [Welcome] current sign in state not found. ignoring...
2022-07-14T13:33:58.918Z - info: [ui] [Welcome] kind Authentication is the same as Authentication. ignoring...
2022-07-14T13:34:01.762Z - info: [main] Received possible protocol arguments: 4
2022-07-14T13:34:01.763Z - info: [main] Processing protocol url
2022-07-14T13:34:01.768Z - info: [ui] [Dispatcher] requesting authenticated user
2022-07-14T13:34:01.769Z - info: [ui] [Welcome] kind Authentication is the same as Authentication. ignoring...
2022-07-14T13:34:01.780Z - info: [ui] [Welcome] kind Authentication is the same as Authentication. ignoring...
2022-07-14T13:34:03.441Z - info: [ui] [SignInStore] account resolved
2022-07-14T13:34:03.442Z - info: [ui] [AppStore] adding account ShohamHouta (Shoham Houta) to store
2022-07-14T13:34:03.448Z - info: [ui] [Welcome] advancing to step: ConfigureGit
2022-07-14T13:34:03.521Z - info: [ui] [Welcome] no sign in step found. ignoring...
2022-07-14T13:34:03.910Z - info: [ui] [Welcome] no sign in step found. ignoring...
2022-07-14T13:34:03.982Z - info: [ui] Subscribed 'ShohamHouta' to Alive channel
2022-07-14T13:34:59.994Z - info: [ui] [AppStore] adding repository at /home/shoham/Desktop/Python/Projects/ContactsBook to store
2022-07-14T13:35:01.198Z - info: [ui] [BranchPruner] No branches to prune.
